NFO     | __main__.py - <module> at line 17 :                	 ++++++++++++++++++++++++++++++++++++++++++++++++++++++++++++++++++++++++++++++++++++++++++++++
  INFO     | __main__.py - <module> at line 18 :                	 ++++++                                                                                  ++++++
  INFO     | __main__.py - <module> at line 19 :                	 ++++++                           PYDEPHASING   CODE                                     ++++++
  INFO     | __main__.py - <module> at line 20 :                	 ++++++                                                                                  ++++++
  INFO     | __main__.py - <module> at line 21 :                	 ++++++++++++++++++++++++++++++++++++++++++++++++++++++++++++++++++++++++++++++++++++++++++++++
  INFO     | __main__.py - <module> at line 93 :                	 **********************************************************************************************
  INFO     | __main__.py - <module> at line 94 :                

  INFO     | __main__.py - <module> at line 95 :                	 SPIN - PHONON CALCULATION
  INFO     | __main__.py - <module> at line 96 :                

  INFO     | __main__.py - <module> at line 118 :               	 T1 CALCULATION -> STARTING
  INFO     | __main__.py - <module> at line 119 :               	 HOMOGENEOUS SPIN - RELAXATION
  INFO     | __main__.py - <module> at line 120 :               

  INFO     | __main__.py - <module> at line 121 :               	 **********************************************************************************************
100%|██████████| 323/323 [08:51<00:00,  1.65s/it]
  INFO     | gradient_interactions.py - learn_network_model at line 593 :

  INFO     | gradient_interactions.py - learn_network_model at line 594 :	 **********************************************************************************************
  INFO     | gradient_interactions.py - learn_network_model at line 595 :	 REGR. NETWORK SCORE (00 COMPONENT): 0.9998058225373685
  INFO     | gradient_interactions.py - learn_network_model at line 596 :	 REGR. NETWORK SCORE (01 COMPONENT): 0.9997123031404781
  INFO     | gradient_interactions.py - learn_network_model at line 597 :	 REGR. NETWORK SCORE (02 COMPONENT): 0.9860527474516354
  INFO     | gradient_interactions.py - learn_network_model at line 598 :	 REGR. NETWORK SCORE (11 COMPONENT): 0.9998004294994928
  INFO     | gradient_interactions.py - learn_network_model at line 599 :	 REGR. NETWORK SCORE (12 COMPONENT): 0.999785920436537
  INFO     | gradient_interactions.py - learn_network_model at line 600 :	 REGR. NETWORK SCORE (22 COMPONENT): 0.9997156732947172
  INFO     | gradient_interactions.py - learn_network_model at line 601 :	 N. LAYERS MULTILAYER PERCEPTRON MODEL: 3
  INFO     | gradient_interactions.py - learn_network_model at line 602 :	 MODEL SHAPE: 2
  INFO     | gradient_interactions.py - learn_network_model at line 603 :	 **********************************************************************************************
  INFO     | gradient_interactions.py - learn_network_model at line 604 :


100%|██████████| 323/323 [09:34<00:00,  1.78s/it]
  INFO     | gradient_interactions.py - compute_2nd_derivative_tensor at line 769 :

  INFO     | gradient_interactions.py - compute_2nd_derivative_tensor at line 770 :	 **********************************************************************************************
  INFO     | gradient_interactions.py - compute_2nd_derivative_tensor at line 771 :	 GRAD_ax;by CALCULATION COMPLETED
  INFO     | gradient_interactions.py - compute_2nd_derivative_tensor at line 772 :	 **********************************************************************************************
  INFO     | gradient_interactions.py - compute_2nd_derivative_tensor at line 773 :

100%|██████████| 322/322 [09:42<00:00,  1.81s/it]  INFO     | extract_ph_data.py - check_eigenv_data at line 114 :

  INFO     | extract_ph_data.py - check_eigenv_data at line 115 :	 **********************************************************************************************
  INFO     | extract_ph_data.py - check_eigenv_data at line 116 :	 EIGENVECTOR TEST    ->    PASSED
  INFO     | extract_ph_data.py - check_eigenv_data at line 117 :	 **********************************************************************************************
  INFO     | extract_ph_data.py - check_eigenv_data at line 118 :

  INFO     | extract_ph_data.py - check_freq_data at line 129 : 

  INFO     | extract_ph_data.py - check_freq_data at line 130 : 	 **********************************************************************************************
  INFO     | extract_ph_data.py - check_freq_data at line 131 : 	 FREQUENCY TEST    ->    PASSED
  INFO     | extract_ph_data.py - check_freq_data at line 132 : 	 **********************************************************************************************
  INFO     | extract_ph_data.py - check_freq_data at line 133 : 

  INFO     | extract_ph_data.py - check_weights at line 141 :   

  INFO     | extract_ph_data.py - check_weights at line 142 :   	 **********************************************************************************************
  INFO     | extract_ph_data.py - check_weights at line 143 :   	 W(Q) TEST    ->    PASSED
  INFO     | extract_ph_data.py - check_weights at line 144 :   	 **********************************************************************************************
  INFO     | extract_ph_data.py - check_weights at line 145 :   

  INFO     | compute_zfs_dephas.py - compute_homo_dephas at line 93 :

  INFO     | compute_zfs_dephas.py - compute_homo_dephas at line 94 :	 **********************************************************************************************
  INFO     | compute_zfs_dephas.py - compute_homo_dephas at line 95 :	 Q MESH INFORMATION
  INFO     | compute_zfs_dephas.py - compute_homo_dephas at line 96 :

  INFO     | compute_zfs_dephas.py - compute_homo_dephas at line 97 :

  INFO     | compute_zfs_dephas.py - compute_homo_dephas at line 98 :	 nq: 512
  INFO     | compute_zfs_dephas.py - compute_homo_dephas at line 99 :	 mesh: [8, 8, 8]
  INFO     | compute_zfs_dephas.py - compute_homo_dephas at line 102 :	 wq[1]: 0.001953125
  INFO     | compute_zfs_dephas.py - compute_homo_dephas at line 102 :	 wq[2]: 0.001953125
  INFO     | compute_zfs_dephas.py - compute_homo_dephas at line 102 :	 wq[3]: 0.001953125
  INFO     | compute_zfs_dephas.py - compute_homo_dephas at line 102 :	 wq[4]: 0.001953125
  INFO     | compute_zfs_dephas.py - compute_homo_dephas at line 102 :	 wq[5]: 0.001953125
  INFO     | compute_zfs_dephas.py - compute_homo_dephas at line 102 :	 wq[6]: 0.001953125
  INFO     | compute_zfs_dephas.py - compute_homo_dephas at line 102 :	 wq[7]: 0.001953125
  INFO     | compute_zfs_dephas.py - compute_homo_dephas at line 102 :	 wq[8]: 0.001953125
  INFO     | compute_zfs_dephas.py - compute_homo_dephas at line 102 :	 wq[9]: 0.001953125
  INFO     | compute_zfs_dephas.py - compute_homo_dephas at line 102 :	 wq[10]: 0.001953125
  INFO     | compute_zfs_dephas.py - compute_homo_dephas at line 103 :	 ...
  INFO     | compute_zfs_dephas.py - compute_homo_dephas at line 107 :

  INFO     | compute_zfs_dephas.py - compute_homo_dephas at line 108 :	 **********************************************************************************************
  INFO     | compute_zfs_dephas.py - compute_homo_dephas at line 109 :

(0.00031355503729142334+8.219122715251006e-06j)
(0.00031355503729142334+8.219122715251006e-06j)
[7.48686253e-22+4.13486278e-41j 7.48698710e-22-2.11873366e-41j
 7.59470333e-22-5.20895523e-41j 8.08431991e-22-2.45749108e-41j
 9.06728930e-22-6.14873316e-41j 1.03854232e-21-2.05668267e-40j
 2.06963595e-21+6.17464810e-40j]
[7.48686253e-22 7.48698710e-22 7.59470333e-22 8.08431991e-22
 9.06728930e-22 1.03854232e-21 2.06963595e-21]

  0%|          | 0/82560 [00:00<?, ?it/s]115 165120
  INFO     | auto_correlation_driver.py - compute_acf_2_driver at line 87 :

  INFO     | auto_correlation_driver.py - compute_acf_2_driver at line 88 :	 **********************************************************************************************
  INFO     | auto_correlation_driver.py - compute_acf_2_driver at line 89 :	 PROGRESS (q,l) ITERATION ...
  0%|          | 0/82560 [00:00<?, ?it/s]26 165120
OK
OK
[7.48686253e-22+4.13486278e-41j 7.48931392e-22-2.11873366e-41j
 9.78852111e-22-5.20895609e-41j 1.70430880e-21-2.45749623e-41j
 2.93014229e-21-6.14873790e-41j 4.64048039e-21-2.05668239e-40j
 2.46133033e-20+6.17465274e-40j]
[7.48686253e-22 7.71858265e-22 1.80428396e-20 6.78229993e-20
 1.49479842e-19 2.63016030e-19 1.61335917e-18]
  0%|          | 1/82560 [00:11<266:51:23, 11.64s/it]35 165120
  0%|          | 1/82560 [00:13<313:18:26, 13.66s/it]271 165120
OK
OK
[7.48686253e-22+4.13486278e-41j 7.48931549e-22-2.11873366e-41j
 9.79006919e-22-5.20895596e-41j 1.70494135e-21-2.45749569e-41j
 2.93157111e-21-6.14873723e-41j 4.64302397e-21-2.05668258e-40j
 2.46292237e-20+6.17465269e-40j]
[7.48686253e-22 7.71902208e-22 1.80735206e-20 6.79379911e-20
 1.49731496e-19 2.63456762e-19 1.61603546e-18]
  0%|          | 2/82560 [00:41<507:56:23, 22.15s/it]215 165120
  0%|          | 2/82560 [00:41<513:17:37, 22.38s/it]27 165120
OK
OK
[7.48686253e-22+4.13486278e-41j 7.48931558e-22-2.11873366e-41j
 9.79145692e-22-5.20895597e-41j 1.70552918e-21-2.45749557e-41j
 2.93290793e-21-6.14873722e-41j 4.64540948e-21-2.05668261e-40j
 2.46441938e-20+6.17465279e-40j]
[7.48686253e-22 7.71903393e-22 1.80896068e-20 6.80037531e-20
 1.49879028e-19 2.63718149e-19 1.61765385e-18]
  0%|          | 3/82560 [01:15<627:46:52, 27.38s/it]348 165120
  0%|          | 3/82560 [01:15<630:09:47, 27.48s/it]20 165120
OK
OK
[7.48686253e-22+4.13486278e-41j 7.48931558e-22-2.11873366e-41j
 1.00075281e-21-5.20895587e-41j 2.04595699e-21-2.45750205e-41j
 3.96027972e-21-6.14876652e-41j 6.67765894e-21-2.05668328e-40j
 3.89353949e-20+6.17461847e-40j]
[7.48686253e-22 7.71903393e-22 1.80899670e-20 6.80094279e-20
 1.49896153e-19 2.63752025e-19 1.61789206e-18]
  0%|          | 4/82560 [01:55<742:31:51, 32.38s/it]272 165120
  0%|          | 4/82560 [01:55<747:07:53, 32.58s/it]1546 165120
OK
  0%|          | 5/82560 [02:10<601:47:07, 26.24s/it]602 165120
OK
[7.48686253e-22+4.13486278e-41j 7.48931558e-22-2.11873366e-41j
 1.00076666e-21-5.20895587e-41j 2.04617672e-21-2.45750205e-41j
 3.96094392e-21-6.14876652e-41j 6.67897358e-21-2.05668329e-40j
 3.89446454e-20+6.17461847e-40j]
[7.48686253e-22 7.71903393e-22 1.81261290e-20 6.85825217e-20
 1.51626260e-19 2.67173105e-19 1.64190886e-18]
OK
  0%|          | 6/82560 [02:39<623:04:43, 27.17s/it]137 165120
  0%|          | 5/82560 [02:39<841:01:49, 36.68s/it]665 165120
OK
OK
[7.48686253e-22+4.13486278e-41j 7.48931558e-22-2.11873366e-41j
 1.00077299e-21-5.20895587e-41j 2.04627838e-21-2.45750205e-41j
 3.96125223e-21-6.14876652e-41j 6.67958459e-21-2.05668329e-40j
 3.89489509e-20+6.17461847e-40j]
[7.48686253e-22 7.71903393e-22 1.81312396e-20 6.86646552e-20
 1.51875226e-19 2.67666321e-19 1.64538149e-18]
  0%|          | 6/82560 [02:55<680:42:11, 29.68s/it]6 165120
  0%|          | 7/82560 [02:57<551:02:48, 24.03s/it]82 165120
OK
OK
[7.48686253e-22+4.13486278e-41j 7.48931558e-22-2.11873366e-41j
 1.00077634e-21-5.20895587e-41j 2.04633392e-21-2.45750210e-41j
 3.96142184e-21-6.14876657e-41j 6.67992159e-21-2.05668329e-40j
 3.89513328e-20+6.17461862e-40j]
[7.48686253e-22 7.71903393e-22 1.81312401e-20 6.86646640e-20
 1.51875253e-19 2.67666375e-19 1.64538186e-18]
  0%|          | 8/82560 [03:10<473:53:16, 20.67s/it]161 165120
  0%|          | 7/82560 [03:10<570:57:15, 24.90s/it]500 165120
OK
OK
[7.48686253e-22+4.13486278e-41j 7.48931558e-22-2.11873366e-41j
 1.00077715e-21-5.20895587e-41j 2.04634732e-21-2.45750210e-41j
 3.96146283e-21-6.14876657e-41j 6.68000310e-21-2.05668329e-40j
 3.89519094e-20+6.17461862e-40j]
[7.48686253e-22 7.71903393e-22 1.81313717e-20 6.86668609e-20
 1.51881980e-19 2.67679758e-19 1.64547664e-18]
  0%|          | 8/82560 [03:36<578:32:16, 25.23s/it]512 165120
  0%|          | 9/82560 [03:38<523:23:19, 22.82s/it]51 165120
OK
OK
[7.48686253e-22+4.13486278e-41j 7.48931558e-22-2.11873366e-41j
 1.00086070e-21-5.20895587e-41j 2.04774315e-21-2.45750209e-41j
 3.96573560e-21-6.14876657e-41j 6.68850051e-21-2.05668329e-40j
 3.90120272e-20+6.17461862e-40j]
[7.48686253e-22 7.71903393e-22 1.81389802e-20 6.87940195e-20
 1.52271352e-19 2.68454297e-19 1.65095949e-18]
  0%|          | 9/82560 [03:53<520:50:10, 22.71s/it]154 165120
  0%|          | 10/82560 [03:55<483:11:29, 21.07s/it]1065 165120
OK
[7.48686253e-22+4.13486278e-41j 7.48931558e-22-2.11873366e-41j
 1.00094438e-21-5.20895586e-41j 2.04949731e-21-2.45750207e-41j
 3.97141563e-21-6.14876680e-41j 6.70004082e-21-2.05668329e-40j
 3.90956796e-20+6.17461831e-40j]
[7.48686253e-22 7.71903393e-22 1.81394389e-20 6.88036361e-20
 1.52302490e-19 2.68517563e-19 1.65141809e-18]
OK
  0%|          | 11/82560 [04:18<500:19:33, 21.82s/it]11 165120
  0%|          | 10/82560 [04:18<538:48:33, 23.50s/it]88 165120
OK
OK
[7.48686253e-22+4.13486278e-41j 7.48931558e-22-2.11873366e-41j
 1.00104952e-21-5.20895586e-41j 2.05171203e-21-2.45750205e-41j
 3.97859576e-21-6.14876678e-41j 6.71463579e-21-2.05668328e-40j
 3.92015318e-20+6.17461828e-40j]
[7.48686253e-22 7.71903393e-22 1.81395654e-20 6.88063008e-20
 1.52311129e-19 2.68535121e-19 1.65154541e-18]
  0%|          | 11/82560 [05:21<811:35:33, 35.39s/it]1966 165120
  0%|          | 12/82560 [05:22<793:12:27, 34.59s/it]1280 165120
OK
OK
[7.48686253e-22+4.13486278e-41j 7.48931558e-22-2.11873366e-41j
 1.00107965e-21-5.20895586e-41j 2.05234925e-21-2.45750205e-41j
 3.98066369e-21-6.14876678e-41j 6.71884094e-21-2.05668329e-40j
 3.92320458e-20+6.17461827e-40j]
[7.48686253e-22 7.71903393e-22 1.81798551e-20 6.96580982e-20
 1.55074516e-19 2.74152932e-19 1.69228148e-18]
  0%|          | 12/82560 [06:02<851:47:36, 37.15s/it]2010 165120
  0%|          | 13/82560 [06:04<840:15:17, 36.64s/it]149 165120
OK
OK
  0%|          | 14/82560 [06:24<726:41:49, 31.69s/it]1772 165120
[7.48686253e-22+4.13486278e-41j 7.48931558e-22-2.11873366e-41j
 1.00108296e-21-5.20895586e-41j 2.05242132e-21-2.45750205e-41j
 3.98089938e-21-6.14876678e-41j 6.71932160e-21-2.05668329e-40j
 3.92355445e-20+6.17461827e-40j]
[7.48686253e-22 7.71903393e-22 1.81867930e-20 6.98094591e-20
 1.55569541e-19 2.75162482e-19 1.69962985e-18]
  0%|          | 13/82560 [06:32<800:09:31, 34.90s/it]167 165120
OK
[7.48686253e-22+4.13486278e-41j 7.48931558e-22-2.11873366e-41j
 1.00285606e-21-5.20895586e-41j 2.09155004e-21-2.45750202e-41j
 4.10925522e-21-6.14876678e-41j 6.98140875e-21-2.05668328e-40j
 4.11461861e-20+6.17461831e-40j]
[7.48686253e-22 7.71903393e-22 1.81885144e-20 6.98474493e-20
 1.55694169e-19 2.75416968e-19 1.70148527e-18]
OK
  0%|          | 15/82560 [06:59<751:07:57, 32.76s/it]283 165120
OK
  0%|          | 16/82560 [07:56<918:31:00, 40.06s/it]472 165120
  0%|          | 14/82560 [07:56<1141:44:59, 49.79s/it]1677 165120
OK
OK
[7.48686253e-22+4.13486278e-41j 7.48931558e-22-2.11873366e-41j
 1.00285792e-21-5.20895586e-41j 2.09159114e-21-2.45750202e-41j
 4.10939010e-21-6.14876677e-41j 6.98168419e-21-2.05668328e-40j
 4.11481945e-20+6.17461831e-40j]
[7.48686253e-22 7.71903393e-22 1.81920334e-20 6.99252354e-20
 1.55949434e-19 2.75938255e-19 1.70528589e-18]
  0%|          | 15/82560 [08:21<973:23:49, 42.45s/it] 1450 165120
  0%|          | 17/82560 [08:23<826:32:43, 36.05s/it]489 165120
OK
  0%|          | 18/82560 [08:37<678:09:12, 29.58s/it]22 165120
OK
[7.48686253e-22+4.13486278e-41j 7.48931558e-22-2.11873366e-41j
 1.00290026e-21-5.20895586e-41j 2.09259828e-21-2.45750202e-41j
 4.11275746e-21-6.14876677e-41j 6.98861046e-21-2.05668328e-40j
 4.11991098e-20+6.17461831e-40j]
[7.48686253e-22 7.71903393e-22 1.82194191e-20 7.05767219e-20
 1.58127784e-19 2.80418982e-19 1.73822598e-18]
OK
  0%|          | 19/82560 [09:16<742:15:52, 32.37s/it]263 165120
  0%|          | 16/82560 [09:16<1056:57:50, 46.10s/it]252 165120
OK
OK
[7.48686253e-22+4.13486278e-41j 7.48931558e-22-2.11873366e-41j
 1.00337070e-21-5.20895586e-41j 2.10379527e-21-2.45750207e-41j
 4.15020133e-21-6.14876696e-41j 7.06563465e-21-2.05668324e-40j
 4.17653955e-20+6.17461861e-40j]
[7.48686253e-22 7.71903393e-22 1.82213809e-20 7.06234181e-20
 1.58283952e-19 2.80740247e-19 1.74058827e-18]
  0%|          | 17/82560 [09:52<990:17:26, 43.19s/it] 77 165120
  0%|          | 20/82560 [09:54<779:53:36, 34.02s/it]3693 165120
OK
[7.48686253e-22+4.13486278e-41j 7.48931558e-22-2.11873366e-41j
 1.00360928e-21-5.20895586e-41j 2.11005252e-21-2.45750206e-41j
 4.17165571e-21-6.14876680e-41j 7.11019632e-21-2.05668328e-40j
 4.20966720e-20+6.17461831e-40j]
[7.48686253e-22 7.71903393e-22 1.82214624e-20 7.06255552e-20
 1.58291280e-19 2.80755469e-19 1.74070146e-18]
OK
  0%|          | 21/82560 [11:06<1037:02:06, 45.23s/it]1315 165120
  0%|          | 18/82560 [11:05<1194:48:12, 52.11s/it]316 165120
OK
[7.48686253e-22+4.13486278e-41j 7.48931558e-22-2.11873366e-41j
 1.00361806e-21-5.20895586e-41j 2.11030266e-21-2.45750206e-41j
 4.17253225e-21-6.14876680e-41j 7.11203239e-21-2.05668328e-40j
 4.21104553e-20+6.17461831e-40j]
[7.48686253e-22 7.71903393e-22 1.82214922e-20 7.06264041e-20
 1.58294255e-19 2.80761699e-19 1.74074820e-18]
OK
  0%|          | 22/82560 [11:27<875:34:16, 38.19s/it] 1151 165120
  0%|          | 19/82560 [11:27<985:23:03, 42.98s/it] 836 165120
OK
[7.48686253e-22+4.13486278e-41j 7.48931558e-22-2.11873366e-41j
 1.00362945e-21-5.20895586e-41j 2.11062845e-21-2.45750206e-41j
 4.17367461e-21-6.14876682e-41j 7.11442589e-21-2.05668328e-40j
 4.21284283e-20+6.17461833e-40j]
[7.48686253e-22 7.71903393e-22 1.82238120e-20 7.06926998e-20
 1.58526655e-19 2.81248527e-19 1.74440181e-18]
